[2025-02-16 15:08:09,517: INFO: common: yaml file :params.yaml loaded sucessfully]
[2025-02-16 15:08:09,525: INFO: common: yaml file :schema.yaml loaded sucessfully]
[2025-02-16 15:13:14,980: INFO: common: yaml file :config\config.yaml loaded sucessfully]
[2025-02-16 15:13:14,983: INFO: common: yaml file :params.yaml loaded sucessfully]
[2025-02-16 15:13:14,986: INFO: common: yaml file :schema.yaml loaded sucessfully]
[2025-02-16 15:13:14,989: INFO: common: Directory created at artifacts]
[2025-02-16 15:13:14,997: INFO: common: Directory created at artifacts/data_ingestion]
[2025-02-16 15:14:46,355: INFO: common: yaml file :config\config.yaml loaded sucessfully]
[2025-02-16 15:14:46,358: INFO: common: yaml file :params.yaml loaded sucessfully]
[2025-02-16 15:14:46,362: INFO: common: yaml file :schema.yaml loaded sucessfully]
[2025-02-16 15:14:46,364: INFO: common: Directory created at artifacts]
[2025-02-16 15:14:46,367: INFO: common: Directory created at artifacts/data_ingestion]
[2025-02-16 15:14:47,720: INFO: 746959822: artifacts/data_ingestion/data.zip downloaded with following info : 
 Connection: close
Content-Length: 23329
Cache-Control: max-age=300
Content-Security-Policy: default-src 'none'; style-src 'unsafe-inline'; sandbox
Content-Type: application/zip
ETag: "c69888a4ae59bc5a893392785a938ccd4937981c06ba8a9d6a21aa52b4ab5b6e"
Strict-Transport-Security: max-age=31536000
X-Content-Type-Options: nosniff
X-Frame-Options: deny
X-XSS-Protection: 1; mode=block
X-GitHub-Request-Id: F48F:140B45:D585DB:E54639:67B1BA96
Accept-Ranges: bytes
Date: Sun, 16 Feb 2025 10:14:47 GMT
Via: 1.1 varnish
X-Served-By: cache-fjr990023-FJR
X-Cache: MISS
X-Cache-Hits: 0
X-Timer: S1739700887.179394,VS0,VE574
Vary: Authorization,Accept-Encoding,Origin
Access-Control-Allow-Origin: *
Cross-Origin-Resource-Policy: cross-origin
X-Fastly-Request-ID: 15aefe18bfae2f1f0cd7fd6045805b4f143c4c3d
Expires: Sun, 16 Feb 2025 10:19:47 GMT
Source-Age: 0

]
[2025-02-16 15:15:39,829: INFO: common: yaml file :config\config.yaml loaded sucessfully]
[2025-02-16 15:15:39,832: INFO: common: yaml file :params.yaml loaded sucessfully]
[2025-02-16 15:15:39,835: INFO: common: yaml file :schema.yaml loaded sucessfully]
[2025-02-16 15:15:39,838: INFO: common: Directory created at artifacts]
[2025-02-16 15:15:39,841: INFO: common: Directory created at artifacts/data_ingestion]
[2025-02-16 15:15:39,843: INFO: 3123861799: artifacts/data_ingestion/data.zip already exists ]
[2025-02-16 15:15:48,520: INFO: common: yaml file :config\config.yaml loaded sucessfully]
[2025-02-16 15:15:48,523: INFO: common: yaml file :params.yaml loaded sucessfully]
[2025-02-16 15:15:48,527: INFO: common: yaml file :schema.yaml loaded sucessfully]
[2025-02-16 15:15:48,529: INFO: common: Directory created at artifacts]
[2025-02-16 15:15:48,531: INFO: common: Directory created at artifacts/data_ingestion]
[2025-02-16 15:15:48,533: INFO: 3123861799: artifacts/data_ingestion/data.zip already exists ]
[2025-02-16 15:16:09,912: INFO: common: yaml file :config\config.yaml loaded sucessfully]
[2025-02-16 15:16:09,915: INFO: common: yaml file :params.yaml loaded sucessfully]
[2025-02-16 15:16:09,918: INFO: common: yaml file :schema.yaml loaded sucessfully]
[2025-02-16 15:16:09,921: INFO: common: Directory created at artifacts]
[2025-02-16 15:16:09,923: INFO: common: Directory created at artifacts/data_ingestion]
[2025-02-16 15:16:10,330: INFO: 3123861799: artifacts/data_ingestion/data.zip downloaded with following info : 
 Connection: close
Content-Length: 23329
Cache-Control: max-age=300
Content-Security-Policy: default-src 'none'; style-src 'unsafe-inline'; sandbox
Content-Type: application/zip
ETag: "c69888a4ae59bc5a893392785a938ccd4937981c06ba8a9d6a21aa52b4ab5b6e"
Strict-Transport-Security: max-age=31536000
X-Content-Type-Options: nosniff
X-Frame-Options: deny
X-XSS-Protection: 1; mode=block
X-GitHub-Request-Id: F48F:140B45:D585DB:E54639:67B1BA96
Accept-Ranges: bytes
Date: Sun, 16 Feb 2025 10:16:10 GMT
Via: 1.1 varnish
X-Served-By: cache-fjr990024-FJR
X-Cache: HIT
X-Cache-Hits: 0
X-Timer: S1739700970.358698,VS0,VE1
Vary: Authorization,Accept-Encoding,Origin
Access-Control-Allow-Origin: *
Cross-Origin-Resource-Policy: cross-origin
X-Fastly-Request-ID: ab98c7b6ea67692db9f2ec93ab0b131b34805d46
Expires: Sun, 16 Feb 2025 10:21:10 GMT
Source-Age: 83

]
[2025-02-16 15:39:27,238: INFO: main: Initiating Data Ingestion stage Started]
[2025-02-16 15:39:27,240: INFO: common: yaml file :config\config.yaml loaded sucessfully]
[2025-02-16 15:39:27,241: INFO: common: yaml file :params.yaml loaded sucessfully]
[2025-02-16 15:39:27,241: INFO: common: yaml file :schema.yaml loaded sucessfully]
[2025-02-16 15:39:27,242: INFO: common: Directory created at artifacts]
[2025-02-16 15:39:27,243: INFO: common: Directory created at artifacts/data_ingestion]
[2025-02-16 15:39:28,407: INFO: data_ingestion: artifacts/data_ingestion/data.zip downloaded with following info : 
 Connection: close
Content-Length: 23329
Cache-Control: max-age=300
Content-Security-Policy: default-src 'none'; style-src 'unsafe-inline'; sandbox
Content-Type: application/zip
ETag: "c69888a4ae59bc5a893392785a938ccd4937981c06ba8a9d6a21aa52b4ab5b6e"
Strict-Transport-Security: max-age=31536000
X-Content-Type-Options: nosniff
X-Frame-Options: deny
X-XSS-Protection: 1; mode=block
X-GitHub-Request-Id: F48F:140B45:D585DB:E54639:67B1BA96
Accept-Ranges: bytes
Date: Sun, 16 Feb 2025 10:39:28 GMT
Via: 1.1 varnish
X-Served-By: cache-fjr990025-FJR
X-Cache: HIT
X-Cache-Hits: 0
X-Timer: S1739702368.944189,VS0,VE441
Vary: Authorization,Accept-Encoding,Origin
Access-Control-Allow-Origin: *
Cross-Origin-Resource-Policy: cross-origin
X-Fastly-Request-ID: 5c7acb180df3dba37b88c798729fb115c8909403
Expires: Sun, 16 Feb 2025 10:44:28 GMT
Source-Age: 0

]
[2025-02-16 15:39:28,418: INFO: main: Completed Data Ingestion stage Completed]
[2025-02-16 19:01:03,352: INFO: main: Initiating Data Ingestion stage Started]
[2025-02-16 19:01:03,355: INFO: common: yaml file :config\config.yaml loaded sucessfully]
[2025-02-16 19:01:03,364: INFO: common: yaml file :params.yaml loaded sucessfully]
[2025-02-16 19:01:03,367: INFO: common: yaml file :schema.yaml loaded sucessfully]
[2025-02-16 19:01:03,369: INFO: common: Directory created at artifacts]
[2025-02-16 19:01:03,370: INFO: common: Directory created at artifacts/data_ingestion]
[2025-02-16 19:01:04,646: INFO: data_ingestion: artifacts/data_ingestion/data.zip downloaded with following info : 
 Connection: close
Content-Length: 23329
Cache-Control: max-age=300
Content-Security-Policy: default-src 'none'; style-src 'unsafe-inline'; sandbox
Content-Type: application/zip
ETag: "c69888a4ae59bc5a893392785a938ccd4937981c06ba8a9d6a21aa52b4ab5b6e"
Strict-Transport-Security: max-age=31536000
X-Content-Type-Options: nosniff
X-Frame-Options: deny
X-XSS-Protection: 1; mode=block
X-GitHub-Request-Id: B91D:3403CA:EF33F8:1009152:67B1EF9F
Accept-Ranges: bytes
Date: Sun, 16 Feb 2025 14:01:05 GMT
Via: 1.1 varnish
X-Served-By: cache-fjr990026-FJR
X-Cache: MISS
X-Cache-Hits: 0
X-Timer: S1739714465.755497,VS0,VE373
Vary: Authorization,Accept-Encoding,Origin
Access-Control-Allow-Origin: *
Cross-Origin-Resource-Policy: cross-origin
X-Fastly-Request-ID: 218d7cb779fbd87896bd81c2258a44a5133d8961
Expires: Sun, 16 Feb 2025 14:06:05 GMT
Source-Age: 0

]
[2025-02-16 19:01:04,657: INFO: main: Completed Data Ingestion stage Completed]
[2025-02-16 19:51:41,111: INFO: common: yaml file :config\config.yaml loaded sucessfully]
[2025-02-16 19:51:41,115: INFO: common: yaml file :params.yaml loaded sucessfully]
[2025-02-16 19:52:02,419: INFO: common: yaml file :config\config.yaml loaded sucessfully]
[2025-02-16 19:52:02,423: INFO: common: yaml file :params.yaml loaded sucessfully]
[2025-02-16 19:56:47,185: INFO: common: yaml file :config\config.yaml loaded sucessfully]
[2025-02-16 19:56:47,189: INFO: common: yaml file :params.yaml loaded sucessfully]
[2025-02-16 19:56:47,195: INFO: common: yaml file :schema.yaml loaded sucessfully]
[2025-02-16 19:56:47,199: INFO: common: Directory created at artifacts]
[2025-02-16 19:56:47,201: INFO: common: Directory created at artifacts/data_validation]
[2025-02-16 19:57:10,082: INFO: common: yaml file :config\config.yaml loaded sucessfully]
[2025-02-16 19:57:10,085: INFO: common: yaml file :params.yaml loaded sucessfully]
[2025-02-16 19:57:10,091: INFO: common: yaml file :schema.yaml loaded sucessfully]
[2025-02-16 19:57:10,094: INFO: common: Directory created at artifacts]
[2025-02-16 19:57:10,096: INFO: common: Directory created at artifacts/data_validation]
[2025-02-16 19:57:42,599: INFO: common: yaml file :config\config.yaml loaded sucessfully]
[2025-02-16 19:57:42,603: INFO: common: yaml file :params.yaml loaded sucessfully]
[2025-02-16 19:57:42,608: INFO: common: yaml file :schema.yaml loaded sucessfully]
[2025-02-16 19:57:42,611: INFO: common: Directory created at artifacts]
[2025-02-16 19:57:42,613: INFO: common: Directory created at artifacts/data_validation]
[2025-02-16 19:58:38,286: INFO: common: yaml file :config\config.yaml loaded sucessfully]
[2025-02-16 19:58:38,290: INFO: common: yaml file :params.yaml loaded sucessfully]
[2025-02-16 19:58:38,297: INFO: common: yaml file :schema.yaml loaded sucessfully]
[2025-02-16 19:58:38,300: INFO: common: Directory created at artifacts]
[2025-02-16 19:58:38,304: INFO: common: Directory created at artifacts/data_validation]
[2025-02-16 19:58:44,700: INFO: common: yaml file :config\config.yaml loaded sucessfully]
[2025-02-16 19:58:44,705: INFO: common: yaml file :params.yaml loaded sucessfully]
[2025-02-16 19:58:44,711: INFO: common: yaml file :schema.yaml loaded sucessfully]
[2025-02-16 19:58:44,714: INFO: common: Directory created at artifacts]
[2025-02-16 19:58:44,717: INFO: common: Directory created at artifacts/data_validation]
[2025-02-16 20:01:15,154: INFO: common: yaml file :config\config.yaml loaded sucessfully]
[2025-02-16 20:01:15,175: INFO: common: yaml file :params.yaml loaded sucessfully]
[2025-02-16 20:01:15,186: INFO: common: yaml file :schema.yaml loaded sucessfully]
[2025-02-16 20:01:15,189: INFO: common: Directory created at artifacts]
[2025-02-16 20:01:15,191: INFO: common: Directory created at artifacts/data_validation]
[2025-02-16 20:20:17,776: INFO: main: Initiating Data Ingestion stage Started]
[2025-02-16 20:20:17,779: INFO: common: yaml file :config\config.yaml loaded sucessfully]
[2025-02-16 20:20:17,780: INFO: common: yaml file :params.yaml loaded sucessfully]
[2025-02-16 20:20:17,782: INFO: common: yaml file :schema.yaml loaded sucessfully]
[2025-02-16 20:20:17,784: INFO: common: Directory created at artifacts]
[2025-02-16 20:20:17,785: INFO: common: Directory created at artifacts/data_ingestion]
[2025-02-16 20:20:18,887: INFO: data_ingestion: artifacts/data_ingestion/data.zip downloaded with following info : 
 Connection: close
Content-Length: 23329
Cache-Control: max-age=300
Content-Security-Policy: default-src 'none'; style-src 'unsafe-inline'; sandbox
Content-Type: application/zip
ETag: "c69888a4ae59bc5a893392785a938ccd4937981c06ba8a9d6a21aa52b4ab5b6e"
Strict-Transport-Security: max-age=31536000
X-Content-Type-Options: nosniff
X-Frame-Options: deny
X-XSS-Protection: 1; mode=block
X-GitHub-Request-Id: EDFA:FBB04:7791B2:81720A:67B20232
Accept-Ranges: bytes
Date: Sun, 16 Feb 2025 15:20:19 GMT
Via: 1.1 varnish
X-Served-By: cache-fjr990022-FJR
X-Cache: MISS
X-Cache-Hits: 0
X-Timer: S1739719219.811973,VS0,VE392
Vary: Authorization,Accept-Encoding,Origin
Access-Control-Allow-Origin: *
Cross-Origin-Resource-Policy: cross-origin
X-Fastly-Request-ID: 1dd55ec4a711d0b30d933503cb9201c6dc498e1b
Expires: Sun, 16 Feb 2025 15:25:19 GMT
Source-Age: 0

]
[2025-02-16 20:20:18,898: INFO: main: Completed Data Ingestion stage Completed]
[2025-02-16 20:20:18,899: INFO: main: Initiating Data Validation stage Started]
[2025-02-16 20:20:18,903: INFO: common: yaml file :config\config.yaml loaded sucessfully]
[2025-02-16 20:20:18,905: INFO: common: yaml file :params.yaml loaded sucessfully]
[2025-02-16 20:20:18,910: INFO: common: yaml file :schema.yaml loaded sucessfully]
[2025-02-16 20:20:18,912: INFO: common: Directory created at artifacts]
[2025-02-16 20:20:18,913: INFO: common: Directory created at artifacts/data_validation]
[2025-02-16 20:20:18,914: ERROR: main: name 'pd' is not defined]
Traceback (most recent call last):
  File "D:\DS 01\main.py", line 25, in <module>
    data_validation.intiate_data_validation()
  File "D:\DS 01\src\DS01\pipeline\data_validation_pipeline.py", line 15, in intiate_data_validation
    data_validation.validate_all_columns()
  File "D:\DS 01\src\DS01\components\data_validation.py", line 37, in validate_all_columns
    raise e
  File "D:\DS 01\src\DS01\components\data_validation.py", line 20, in validate_all_columns
    data = pd.read_csv(self.config.unzip_data_dir)
           ^^
NameError: name 'pd' is not defined
[2025-02-16 20:20:57,505: INFO: main: Initiating Data Ingestion stage Started]
[2025-02-16 20:20:57,508: INFO: common: yaml file :config\config.yaml loaded sucessfully]
[2025-02-16 20:20:57,509: INFO: common: yaml file :params.yaml loaded sucessfully]
[2025-02-16 20:20:57,514: INFO: common: yaml file :schema.yaml loaded sucessfully]
[2025-02-16 20:20:57,515: INFO: common: Directory created at artifacts]
[2025-02-16 20:20:57,517: INFO: common: Directory created at artifacts/data_ingestion]
[2025-02-16 20:20:57,962: INFO: data_ingestion: artifacts/data_ingestion/data.zip downloaded with following info : 
 Connection: close
Content-Length: 23329
Cache-Control: max-age=300
Content-Security-Policy: default-src 'none'; style-src 'unsafe-inline'; sandbox
Content-Type: application/zip
ETag: "c69888a4ae59bc5a893392785a938ccd4937981c06ba8a9d6a21aa52b4ab5b6e"
Strict-Transport-Security: max-age=31536000
X-Content-Type-Options: nosniff
X-Frame-Options: deny
X-XSS-Protection: 1; mode=block
X-GitHub-Request-Id: EDFA:FBB04:7791B2:81720A:67B20232
Accept-Ranges: bytes
Date: Sun, 16 Feb 2025 15:20:58 GMT
Via: 1.1 varnish
X-Served-By: cache-fjr990021-FJR
X-Cache: HIT
X-Cache-Hits: 1
X-Timer: S1739719258.274798,VS0,VE1
Vary: Authorization,Accept-Encoding,Origin
Access-Control-Allow-Origin: *
Cross-Origin-Resource-Policy: cross-origin
X-Fastly-Request-ID: f11b2be8332ece9df1c059975cf8b098dc9a8712
Expires: Sun, 16 Feb 2025 15:25:58 GMT
Source-Age: 39

]
[2025-02-16 20:20:57,972: INFO: main: Completed Data Ingestion stage Completed]
[2025-02-16 20:20:57,973: INFO: main: Initiating Data Validation stage Started]
[2025-02-16 20:20:57,977: INFO: common: yaml file :config\config.yaml loaded sucessfully]
[2025-02-16 20:20:57,979: INFO: common: yaml file :params.yaml loaded sucessfully]
[2025-02-16 20:20:57,984: INFO: common: yaml file :schema.yaml loaded sucessfully]
[2025-02-16 20:20:57,986: INFO: common: Directory created at artifacts]
[2025-02-16 20:20:57,988: INFO: common: Directory created at artifacts/data_validation]
[2025-02-16 20:20:58,015: INFO: main: Completed Data Validation stage Completed]
[2025-02-16 21:20:15,459: INFO: common: yaml file :config\config.yaml loaded sucessfully]
[2025-02-16 21:20:15,468: INFO: common: yaml file :params.yaml loaded sucessfully]
[2025-02-16 21:20:15,474: INFO: common: yaml file :schema.yaml loaded sucessfully]
[2025-02-16 21:20:15,478: INFO: common: Directory created at artifacts]
[2025-02-16 21:20:15,480: INFO: common: Directory created at artifacts/data_transformation]
[2025-02-16 21:23:01,649: INFO: common: yaml file :config\config.yaml loaded sucessfully]
[2025-02-16 21:23:01,653: INFO: common: yaml file :params.yaml loaded sucessfully]
[2025-02-16 21:23:01,659: INFO: common: yaml file :schema.yaml loaded sucessfully]
[2025-02-16 21:23:01,662: INFO: common: Directory created at artifacts]
[2025-02-16 21:23:01,665: INFO: common: Directory created at artifacts/data_transformation]
[2025-02-16 21:23:05,808: INFO: common: yaml file :config\config.yaml loaded sucessfully]
[2025-02-16 21:23:05,812: INFO: common: yaml file :params.yaml loaded sucessfully]
[2025-02-16 21:23:05,818: INFO: common: yaml file :schema.yaml loaded sucessfully]
[2025-02-16 21:23:05,821: INFO: common: Directory created at artifacts]
[2025-02-16 21:23:05,824: INFO: common: Directory created at artifacts/data_transformation]
[2025-02-16 21:23:38,055: INFO: common: yaml file :config\config.yaml loaded sucessfully]
[2025-02-16 21:23:38,059: INFO: common: yaml file :params.yaml loaded sucessfully]
[2025-02-16 21:23:38,065: INFO: common: yaml file :schema.yaml loaded sucessfully]
[2025-02-16 21:23:38,068: INFO: common: Directory created at artifacts]
[2025-02-16 21:23:38,070: INFO: common: Directory created at artifacts/data_transformation]
[2025-02-16 21:23:38,131: INFO: 2206204626: Splitted data into test and train set]
[2025-02-16 21:23:38,137: INFO: 2206204626: (1279, 12)]
[2025-02-16 21:23:38,140: INFO: 2206204626: (320, 12)]
[2025-02-16 22:14:21,913: INFO: main: Initiating Data Ingestion stage Started]
[2025-02-16 22:14:21,916: INFO: common: yaml file :config\config.yaml loaded sucessfully]
[2025-02-16 22:14:21,918: INFO: common: yaml file :params.yaml loaded sucessfully]
[2025-02-16 22:14:21,920: INFO: common: yaml file :schema.yaml loaded sucessfully]
[2025-02-16 22:14:21,922: INFO: common: Directory created at artifacts]
[2025-02-16 22:14:21,923: INFO: common: Directory created at artifacts/data_ingestion]
[2025-02-16 22:14:21,924: INFO: data_ingestion: artifacts/data_ingestion/data.zip already exists ]
[2025-02-16 22:14:21,932: INFO: main: Completed Data Ingestion stage Completed]
[2025-02-16 22:14:21,933: INFO: main: Initiating Data Validation stage Started]
[2025-02-16 22:14:21,935: INFO: common: yaml file :config\config.yaml loaded sucessfully]
[2025-02-16 22:14:21,937: INFO: common: yaml file :params.yaml loaded sucessfully]
[2025-02-16 22:14:21,948: INFO: common: yaml file :schema.yaml loaded sucessfully]
[2025-02-16 22:14:21,951: INFO: common: Directory created at artifacts]
[2025-02-16 22:14:21,952: INFO: common: Directory created at artifacts/data_validation]
[2025-02-16 22:14:21,990: INFO: main: Completed Data Validation stage Completed]
[2025-02-16 22:14:21,991: INFO: main: Initiating Data Transformation stage Started]
[2025-02-16 22:14:21,992: ERROR: main: name 'DataTransformationTrainingPipeline' is not defined]
Traceback (most recent call last):
  File "D:\DS 01\main.py", line 40, in <module>
    data_transformation=DataTransformationTrainingPipeline()
                        ^^^^^^^^^^^^^^^^^^^^^^^^^^^^^^^^^^
NameError: name 'DataTransformationTrainingPipeline' is not defined. Did you mean: 'DataValidationTrainingPipeline'?
[2025-02-16 22:15:56,197: INFO: main: Initiating Data Ingestion stage Started]
[2025-02-16 22:15:56,200: INFO: common: yaml file :config\config.yaml loaded sucessfully]
[2025-02-16 22:15:56,202: INFO: common: yaml file :params.yaml loaded sucessfully]
[2025-02-16 22:15:56,205: INFO: common: yaml file :schema.yaml loaded sucessfully]
[2025-02-16 22:15:56,207: INFO: common: Directory created at artifacts]
[2025-02-16 22:15:56,208: INFO: common: Directory created at artifacts/data_ingestion]
[2025-02-16 22:15:56,209: INFO: data_ingestion: artifacts/data_ingestion/data.zip already exists ]
[2025-02-16 22:15:56,213: INFO: main: Completed Data Ingestion stage Completed]
[2025-02-16 22:15:56,214: INFO: main: Initiating Data Validation stage Started]
[2025-02-16 22:15:56,221: INFO: common: yaml file :config\config.yaml loaded sucessfully]
[2025-02-16 22:15:56,224: INFO: common: yaml file :params.yaml loaded sucessfully]
[2025-02-16 22:15:56,229: INFO: common: yaml file :schema.yaml loaded sucessfully]
[2025-02-16 22:15:56,232: INFO: common: Directory created at artifacts]
[2025-02-16 22:15:56,233: INFO: common: Directory created at artifacts/data_validation]
[2025-02-16 22:15:56,254: INFO: main: Completed Data Validation stage Completed]
[2025-02-16 22:15:56,255: INFO: main: Initiating Data Transformation stage Started]
[2025-02-16 22:15:56,256: INFO: main: Completed Data Transformation stage Completed]
[2025-02-16 22:16:10,894: INFO: main: Initiating Data Ingestion stage Started]
[2025-02-16 22:16:10,897: INFO: common: yaml file :config\config.yaml loaded sucessfully]
[2025-02-16 22:16:10,899: INFO: common: yaml file :params.yaml loaded sucessfully]
[2025-02-16 22:16:10,902: INFO: common: yaml file :schema.yaml loaded sucessfully]
[2025-02-16 22:16:10,904: INFO: common: Directory created at artifacts]
[2025-02-16 22:16:10,905: INFO: common: Directory created at artifacts/data_ingestion]
[2025-02-16 22:16:10,906: INFO: data_ingestion: artifacts/data_ingestion/data.zip already exists ]
[2025-02-16 22:16:10,915: INFO: main: Completed Data Ingestion stage Completed]
[2025-02-16 22:16:10,919: INFO: main: Initiating Data Validation stage Started]
[2025-02-16 22:16:10,929: INFO: common: yaml file :config\config.yaml loaded sucessfully]
[2025-02-16 22:16:10,931: INFO: common: yaml file :params.yaml loaded sucessfully]
[2025-02-16 22:16:10,946: INFO: common: yaml file :schema.yaml loaded sucessfully]
[2025-02-16 22:16:10,947: INFO: common: Directory created at artifacts]
[2025-02-16 22:16:10,948: INFO: common: Directory created at artifacts/data_validation]
[2025-02-16 22:16:10,979: INFO: main: Completed Data Validation stage Completed]
[2025-02-16 22:16:10,980: INFO: main: Initiating Data Transformation stage Started]
[2025-02-16 22:16:10,981: INFO: main: Completed Data Transformation stage Completed]
[2025-02-16 22:17:56,410: INFO: main: Initiating Data Ingestion stage Started]
[2025-02-16 22:17:56,413: INFO: common: yaml file :config\config.yaml loaded sucessfully]
[2025-02-16 22:17:56,414: INFO: common: yaml file :params.yaml loaded sucessfully]
[2025-02-16 22:17:56,416: INFO: common: yaml file :schema.yaml loaded sucessfully]
[2025-02-16 22:17:56,418: INFO: common: Directory created at artifacts]
[2025-02-16 22:17:56,419: INFO: common: Directory created at artifacts/data_ingestion]
[2025-02-16 22:17:56,419: INFO: data_ingestion: artifacts/data_ingestion/data.zip already exists ]
[2025-02-16 22:17:56,425: INFO: main: Completed Data Ingestion stage Completed]
[2025-02-16 22:17:56,425: INFO: main: Initiating Data Validation stage Started]
[2025-02-16 22:17:56,432: INFO: common: yaml file :config\config.yaml loaded sucessfully]
[2025-02-16 22:17:56,439: INFO: common: yaml file :params.yaml loaded sucessfully]
[2025-02-16 22:17:56,443: INFO: common: yaml file :schema.yaml loaded sucessfully]
[2025-02-16 22:17:56,445: INFO: common: Directory created at artifacts]
[2025-02-16 22:17:56,445: INFO: common: Directory created at artifacts/data_validation]
[2025-02-16 22:17:56,466: INFO: main: Completed Data Validation stage Completed]
[2025-02-16 22:17:56,467: INFO: main: Initiating Data Transformation stage Started]
[2025-02-16 22:17:56,470: INFO: main: Completed Data Transformation stage Completed]
[2025-02-16 22:18:23,110: INFO: main: Initiating Data Ingestion stage Started]
[2025-02-16 22:18:23,113: INFO: common: yaml file :config\config.yaml loaded sucessfully]
[2025-02-16 22:18:23,115: INFO: common: yaml file :params.yaml loaded sucessfully]
[2025-02-16 22:18:23,119: INFO: common: yaml file :schema.yaml loaded sucessfully]
[2025-02-16 22:18:23,120: INFO: common: Directory created at artifacts]
[2025-02-16 22:18:23,122: INFO: common: Directory created at artifacts/data_ingestion]
[2025-02-16 22:18:23,123: INFO: data_ingestion: artifacts/data_ingestion/data.zip already exists ]
[2025-02-16 22:18:23,133: INFO: main: Completed Data Ingestion stage Completed]
[2025-02-16 22:18:23,134: INFO: main: Initiating Data Validation stage Started]
[2025-02-16 22:18:23,138: INFO: common: yaml file :config\config.yaml loaded sucessfully]
[2025-02-16 22:18:23,140: INFO: common: yaml file :params.yaml loaded sucessfully]
[2025-02-16 22:18:23,143: INFO: common: yaml file :schema.yaml loaded sucessfully]
[2025-02-16 22:18:23,144: INFO: common: Directory created at artifacts]
[2025-02-16 22:18:23,145: INFO: common: Directory created at artifacts/data_validation]
[2025-02-16 22:18:23,177: INFO: main: Completed Data Validation stage Completed]
[2025-02-16 22:18:23,178: INFO: main: Initiating Data Transformation stage Started]
[2025-02-16 22:18:23,179: INFO: main: Completed Data Transformation stage Completed]
[2025-02-16 22:18:59,421: INFO: main: Initiating Data Ingestion stage Started]
[2025-02-16 22:18:59,424: INFO: common: yaml file :config\config.yaml loaded sucessfully]
[2025-02-16 22:18:59,425: INFO: common: yaml file :params.yaml loaded sucessfully]
[2025-02-16 22:18:59,429: INFO: common: yaml file :schema.yaml loaded sucessfully]
[2025-02-16 22:18:59,432: INFO: common: Directory created at artifacts]
[2025-02-16 22:18:59,433: INFO: common: Directory created at artifacts/data_ingestion]
[2025-02-16 22:18:59,433: INFO: data_ingestion: artifacts/data_ingestion/data.zip already exists ]
[2025-02-16 22:18:59,438: INFO: main: Completed Data Ingestion stage Completed]
[2025-02-16 22:18:59,438: INFO: main: Initiating Data Validation stage Started]
[2025-02-16 22:18:59,441: INFO: common: yaml file :config\config.yaml loaded sucessfully]
[2025-02-16 22:18:59,444: INFO: common: yaml file :params.yaml loaded sucessfully]
[2025-02-16 22:18:59,454: INFO: common: yaml file :schema.yaml loaded sucessfully]
[2025-02-16 22:18:59,456: INFO: common: Directory created at artifacts]
[2025-02-16 22:18:59,457: INFO: common: Directory created at artifacts/data_validation]
[2025-02-16 22:18:59,480: INFO: main: Completed Data Validation stage Completed]
[2025-02-16 22:18:59,481: INFO: main: Initiating Data Transformation stage Started]
[2025-02-16 22:18:59,483: INFO: main: Completed Data Transformation stage Completed]
[2025-02-16 22:25:11,238: INFO: main: Initiating Data Ingestion stage Started]
[2025-02-16 22:25:11,241: INFO: common: yaml file :config\config.yaml loaded sucessfully]
[2025-02-16 22:25:11,243: INFO: common: yaml file :params.yaml loaded sucessfully]
[2025-02-16 22:25:11,245: INFO: common: yaml file :schema.yaml loaded sucessfully]
[2025-02-16 22:25:11,247: INFO: common: Directory created at artifacts]
[2025-02-16 22:25:11,248: INFO: common: Directory created at artifacts/data_ingestion]
[2025-02-16 22:25:11,249: INFO: data_ingestion: artifacts/data_ingestion/data.zip already exists ]
[2025-02-16 22:25:11,253: INFO: main: Completed Data Ingestion stage Completed]
[2025-02-16 22:25:11,254: INFO: main: Initiating Data Validation stage Started]
[2025-02-16 22:25:11,257: INFO: common: yaml file :config\config.yaml loaded sucessfully]
[2025-02-16 22:25:11,258: INFO: common: yaml file :params.yaml loaded sucessfully]
[2025-02-16 22:25:11,264: INFO: common: yaml file :schema.yaml loaded sucessfully]
[2025-02-16 22:25:11,267: INFO: common: Directory created at artifacts]
[2025-02-16 22:25:11,269: INFO: common: Directory created at artifacts/data_validation]
[2025-02-16 22:25:11,298: INFO: main: Completed Data Validation stage Completed]
[2025-02-16 22:25:11,300: INFO: main: Initiating Data Transformation stage Started]
[2025-02-16 22:25:11,301: INFO: main: Completed Data Transformation stage Completed]
[2025-02-16 22:25:25,974: INFO: main: Initiating Data Ingestion stage Started]
[2025-02-16 22:25:25,977: INFO: common: yaml file :config\config.yaml loaded sucessfully]
[2025-02-16 22:25:25,979: INFO: common: yaml file :params.yaml loaded sucessfully]
[2025-02-16 22:25:25,982: INFO: common: yaml file :schema.yaml loaded sucessfully]
[2025-02-16 22:25:25,984: INFO: common: Directory created at artifacts]
[2025-02-16 22:25:25,985: INFO: common: Directory created at artifacts/data_ingestion]
[2025-02-16 22:25:25,985: INFO: data_ingestion: artifacts/data_ingestion/data.zip already exists ]
[2025-02-16 22:25:25,989: INFO: main: Completed Data Ingestion stage Completed]
[2025-02-16 22:25:25,990: INFO: main: Initiating Data Validation stage Started]
[2025-02-16 22:25:25,995: INFO: common: yaml file :config\config.yaml loaded sucessfully]
[2025-02-16 22:25:25,998: INFO: common: yaml file :params.yaml loaded sucessfully]
[2025-02-16 22:25:26,004: INFO: common: yaml file :schema.yaml loaded sucessfully]
[2025-02-16 22:25:26,005: INFO: common: Directory created at artifacts]
[2025-02-16 22:25:26,007: INFO: common: Directory created at artifacts/data_validation]
[2025-02-16 22:25:26,033: INFO: main: Completed Data Validation stage Completed]
[2025-02-16 22:25:26,034: INFO: main: Initiating Data Transformation stage Started]
[2025-02-16 22:25:26,036: INFO: main: Completed Data Transformation stage Completed]
[2025-02-16 22:28:18,189: INFO: main: Initiating Data Ingestion stage Started]
[2025-02-16 22:28:18,193: INFO: common: yaml file :config\config.yaml loaded sucessfully]
[2025-02-16 22:28:18,195: INFO: common: yaml file :params.yaml loaded sucessfully]
[2025-02-16 22:28:18,200: INFO: common: yaml file :schema.yaml loaded sucessfully]
[2025-02-16 22:28:18,201: INFO: common: Directory created at artifacts]
[2025-02-16 22:28:18,203: INFO: common: Directory created at artifacts/data_ingestion]
[2025-02-16 22:28:18,204: INFO: data_ingestion: artifacts/data_ingestion/data.zip already exists ]
[2025-02-16 22:28:18,209: INFO: main: Completed Data Ingestion stage Completed]
[2025-02-16 22:28:18,209: INFO: main: Initiating Data Validation stage Started]
[2025-02-16 22:28:18,212: INFO: common: yaml file :config\config.yaml loaded sucessfully]
[2025-02-16 22:28:18,216: INFO: common: yaml file :params.yaml loaded sucessfully]
[2025-02-16 22:28:18,224: INFO: common: yaml file :schema.yaml loaded sucessfully]
[2025-02-16 22:28:18,227: INFO: common: Directory created at artifacts]
[2025-02-16 22:28:18,229: INFO: common: Directory created at artifacts/data_validation]
[2025-02-16 22:28:18,251: INFO: main: Completed Data Validation stage Completed]
[2025-02-16 22:28:18,252: INFO: main: Initiating Data Transformation stage Started]
[2025-02-16 22:28:18,253: INFO: main: Completed Data Transformation stage Completed]
[2025-02-16 22:28:43,430: INFO: main: Initiating Data Ingestion stage Started]
[2025-02-16 22:28:43,433: INFO: common: yaml file :config\config.yaml loaded sucessfully]
[2025-02-16 22:28:43,434: INFO: common: yaml file :params.yaml loaded sucessfully]
[2025-02-16 22:28:43,437: INFO: common: yaml file :schema.yaml loaded sucessfully]
[2025-02-16 22:28:43,438: INFO: common: Directory created at artifacts]
[2025-02-16 22:28:43,439: INFO: common: Directory created at artifacts/data_ingestion]
[2025-02-16 22:28:43,440: INFO: data_ingestion: artifacts/data_ingestion/data.zip already exists ]
[2025-02-16 22:28:43,444: INFO: main: Completed Data Ingestion stage Completed]
[2025-02-16 22:28:43,445: INFO: main: Initiating Data Validation stage Started]
[2025-02-16 22:28:43,450: INFO: common: yaml file :config\config.yaml loaded sucessfully]
[2025-02-16 22:28:43,452: INFO: common: yaml file :params.yaml loaded sucessfully]
[2025-02-16 22:28:43,454: INFO: common: yaml file :schema.yaml loaded sucessfully]
[2025-02-16 22:28:43,457: INFO: common: Directory created at artifacts]
[2025-02-16 22:28:43,458: INFO: common: Directory created at artifacts/data_validation]
[2025-02-16 22:28:43,501: INFO: main: Completed Data Validation stage Completed]
[2025-02-16 22:28:43,501: INFO: main: Initiating Data Transformation stage Started]
[2025-02-16 22:28:43,503: INFO: main: Completed Data Transformation stage Completed]
[2025-02-16 22:34:47,613: INFO: main: Initiating Data Ingestion stage Started]
[2025-02-16 22:34:47,622: INFO: common: yaml file :config\config.yaml loaded sucessfully]
[2025-02-16 22:34:47,623: INFO: common: yaml file :params.yaml loaded sucessfully]
[2025-02-16 22:34:47,627: INFO: common: yaml file :schema.yaml loaded sucessfully]
[2025-02-16 22:34:47,630: INFO: common: Directory created at artifacts]
[2025-02-16 22:34:47,631: INFO: common: Directory created at artifacts/data_ingestion]
[2025-02-16 22:34:47,632: INFO: data_ingestion: artifacts/data_ingestion/data.zip already exists ]
[2025-02-16 22:34:47,638: INFO: main: Completed Data Ingestion stage Completed]
[2025-02-16 22:34:47,638: INFO: main: Initiating Data Validation stage Started]
[2025-02-16 22:34:47,647: INFO: common: yaml file :config\config.yaml loaded sucessfully]
[2025-02-16 22:34:47,648: INFO: common: yaml file :params.yaml loaded sucessfully]
[2025-02-16 22:34:47,653: INFO: common: yaml file :schema.yaml loaded sucessfully]
[2025-02-16 22:34:47,655: INFO: common: Directory created at artifacts]
[2025-02-16 22:34:47,656: INFO: common: Directory created at artifacts/data_validation]
[2025-02-16 22:34:47,688: INFO: main: Completed Data Validation stage Completed]
[2025-02-16 22:34:47,689: INFO: main: Initiating Data Transformation stage Started]
[2025-02-16 22:34:47,705: INFO: common: yaml file :config\config.yaml loaded sucessfully]
[2025-02-16 22:34:47,707: INFO: common: yaml file :params.yaml loaded sucessfully]
[2025-02-16 22:34:47,709: INFO: common: yaml file :schema.yaml loaded sucessfully]
[2025-02-16 22:34:47,711: INFO: common: Directory created at artifacts]
[2025-02-16 22:34:47,712: INFO: common: Directory created at artifacts/data_transformation]
[2025-02-16 22:34:47,764: INFO: data_transformation: Splitted data into test and train set]
[2025-02-16 22:34:47,768: INFO: data_transformation: (1279, 12)]
[2025-02-16 22:34:47,769: INFO: data_transformation: (320, 12)]
[2025-02-16 22:34:47,771: INFO: main: Completed Data Transformation stage Completed]
[2025-02-16 22:38:35,084: INFO: main: Initiating Data Ingestion stage Started]
[2025-02-16 22:38:35,087: INFO: common: yaml file :config\config.yaml loaded sucessfully]
[2025-02-16 22:38:35,089: INFO: common: yaml file :params.yaml loaded sucessfully]
[2025-02-16 22:38:35,091: INFO: common: yaml file :schema.yaml loaded sucessfully]
[2025-02-16 22:38:35,093: INFO: common: Directory created at artifacts]
[2025-02-16 22:38:35,093: INFO: common: Directory created at artifacts/data_ingestion]
[2025-02-16 22:38:35,094: INFO: data_ingestion: artifacts/data_ingestion/data.zip already exists ]
[2025-02-16 22:38:35,099: INFO: main: Completed Data Ingestion stage Completed]
[2025-02-16 22:38:35,099: INFO: main: Initiating Data Validation stage Started]
[2025-02-16 22:38:35,102: INFO: common: yaml file :config\config.yaml loaded sucessfully]
[2025-02-16 22:38:35,104: INFO: common: yaml file :params.yaml loaded sucessfully]
[2025-02-16 22:38:35,108: INFO: common: yaml file :schema.yaml loaded sucessfully]
[2025-02-16 22:38:35,113: INFO: common: Directory created at artifacts]
[2025-02-16 22:38:35,116: INFO: common: Directory created at artifacts/data_validation]
[2025-02-16 22:38:35,152: INFO: main: Completed Data Validation stage Completed]
[2025-02-16 22:38:35,153: INFO: main: Initiating Data Transformation stage Started]
[2025-02-16 22:38:35,154: INFO: main: Completed Data Transformation stage Completed]
[2025-02-16 22:38:45,622: INFO: main: Initiating Data Ingestion stage Started]
[2025-02-16 22:38:45,625: INFO: common: yaml file :config\config.yaml loaded sucessfully]
[2025-02-16 22:38:45,627: INFO: common: yaml file :params.yaml loaded sucessfully]
[2025-02-16 22:38:45,629: INFO: common: yaml file :schema.yaml loaded sucessfully]
[2025-02-16 22:38:45,630: INFO: common: Directory created at artifacts]
[2025-02-16 22:38:45,631: INFO: common: Directory created at artifacts/data_ingestion]
[2025-02-16 22:38:45,632: INFO: data_ingestion: artifacts/data_ingestion/data.zip already exists ]
[2025-02-16 22:38:45,635: INFO: main: Completed Data Ingestion stage Completed]
[2025-02-16 22:38:45,636: INFO: main: Initiating Data Validation stage Started]
[2025-02-16 22:38:45,641: INFO: common: yaml file :config\config.yaml loaded sucessfully]
[2025-02-16 22:38:45,644: INFO: common: yaml file :params.yaml loaded sucessfully]
[2025-02-16 22:38:45,652: INFO: common: yaml file :schema.yaml loaded sucessfully]
[2025-02-16 22:38:45,655: INFO: common: Directory created at artifacts]
[2025-02-16 22:38:45,656: INFO: common: Directory created at artifacts/data_validation]
[2025-02-16 22:38:45,683: INFO: main: Completed Data Validation stage Completed]
[2025-02-16 22:38:45,684: INFO: main: Initiating Data Transformation stage Started]
[2025-02-16 22:38:45,688: INFO: common: yaml file :config\config.yaml loaded sucessfully]
[2025-02-16 22:38:45,691: INFO: common: yaml file :params.yaml loaded sucessfully]
[2025-02-16 22:38:45,694: INFO: common: yaml file :schema.yaml loaded sucessfully]
[2025-02-16 22:38:45,696: INFO: common: Directory created at artifacts]
[2025-02-16 22:38:45,697: INFO: common: Directory created at artifacts/data_transformation]
[2025-02-16 22:38:45,738: INFO: data_transformation: Splitted data into test and train set]
[2025-02-16 22:38:45,738: INFO: data_transformation: (1279, 12)]
[2025-02-16 22:38:45,739: INFO: data_transformation: (320, 12)]
[2025-02-16 22:38:45,740: INFO: main: Completed Data Transformation stage Completed]
[2025-02-16 23:08:29,361: INFO: common: yaml file :config\config.yaml loaded sucessfully]
[2025-02-16 23:08:29,366: INFO: common: yaml file :params.yaml loaded sucessfully]
[2025-02-16 23:08:29,372: INFO: common: yaml file :schema.yaml loaded sucessfully]
[2025-02-16 23:08:29,375: INFO: common: Directory created at artifacts]
[2025-02-16 23:10:01,899: INFO: common: yaml file :config\config.yaml loaded sucessfully]
[2025-02-16 23:10:01,903: INFO: common: yaml file :params.yaml loaded sucessfully]
[2025-02-16 23:10:01,909: INFO: common: yaml file :schema.yaml loaded sucessfully]
[2025-02-16 23:10:01,913: INFO: common: Directory created at artifacts]
[2025-02-16 23:10:52,220: INFO: common: yaml file :config\config.yaml loaded sucessfully]
[2025-02-16 23:10:52,224: INFO: common: yaml file :params.yaml loaded sucessfully]
[2025-02-16 23:10:52,230: INFO: common: yaml file :schema.yaml loaded sucessfully]
[2025-02-16 23:10:52,233: INFO: common: Directory created at artifacts]
[2025-02-16 23:11:14,243: INFO: common: yaml file :config\config.yaml loaded sucessfully]
[2025-02-16 23:11:14,247: INFO: common: yaml file :params.yaml loaded sucessfully]
[2025-02-16 23:11:14,252: INFO: common: yaml file :schema.yaml loaded sucessfully]
[2025-02-16 23:11:14,255: INFO: common: Directory created at artifacts]
[2025-02-16 23:12:06,042: INFO: common: yaml file :config\config.yaml loaded sucessfully]
[2025-02-16 23:12:06,046: INFO: common: yaml file :params.yaml loaded sucessfully]
[2025-02-16 23:12:06,051: INFO: common: yaml file :schema.yaml loaded sucessfully]
[2025-02-16 23:12:06,054: INFO: common: Directory created at artifacts]
[2025-02-16 23:12:54,075: INFO: common: yaml file :config\config.yaml loaded sucessfully]
[2025-02-16 23:12:54,080: INFO: common: yaml file :params.yaml loaded sucessfully]
[2025-02-16 23:12:54,086: INFO: common: yaml file :schema.yaml loaded sucessfully]
[2025-02-16 23:12:54,089: INFO: common: Directory created at artifacts]
[2025-02-16 23:13:43,391: INFO: common: yaml file :config\config.yaml loaded sucessfully]
[2025-02-16 23:13:43,394: INFO: common: yaml file :params.yaml loaded sucessfully]
[2025-02-16 23:13:43,400: INFO: common: yaml file :schema.yaml loaded sucessfully]
[2025-02-16 23:13:43,402: INFO: common: Directory created at artifacts]
[2025-02-16 23:14:50,286: INFO: common: yaml file :config\config.yaml loaded sucessfully]
[2025-02-16 23:14:50,290: INFO: common: yaml file :params.yaml loaded sucessfully]
[2025-02-16 23:14:50,298: INFO: common: yaml file :schema.yaml loaded sucessfully]
[2025-02-16 23:14:50,302: INFO: common: Directory created at artifacts]
[2025-02-16 23:15:52,542: INFO: common: yaml file :config\config.yaml loaded sucessfully]
[2025-02-16 23:15:52,547: INFO: common: yaml file :params.yaml loaded sucessfully]
[2025-02-16 23:15:52,553: INFO: common: yaml file :schema.yaml loaded sucessfully]
[2025-02-16 23:15:52,556: INFO: common: Directory created at artifacts]
[2025-02-16 23:17:11,058: INFO: common: yaml file :config\config.yaml loaded sucessfully]
[2025-02-16 23:17:11,062: INFO: common: yaml file :params.yaml loaded sucessfully]
[2025-02-16 23:17:11,068: INFO: common: yaml file :schema.yaml loaded sucessfully]
[2025-02-16 23:17:11,071: INFO: common: Directory created at artifacts]
[2025-02-16 23:17:11,073: INFO: common: Directory created at artifacts/model_trainer]
[2025-02-16 23:30:01,824: INFO: main: Initiating Data Ingestion stage Started]
[2025-02-16 23:30:01,828: INFO: common: yaml file :config\config.yaml loaded sucessfully]
[2025-02-16 23:30:01,830: INFO: common: yaml file :params.yaml loaded sucessfully]
[2025-02-16 23:30:01,833: INFO: common: yaml file :schema.yaml loaded sucessfully]
[2025-02-16 23:30:01,835: INFO: common: Directory created at artifacts]
[2025-02-16 23:30:01,836: INFO: common: Directory created at artifacts/data_ingestion]
[2025-02-16 23:30:01,837: INFO: data_ingestion: artifacts/data_ingestion/data.zip already exists ]
[2025-02-16 23:30:01,842: INFO: main: Completed Data Ingestion stage Completed]
[2025-02-16 23:30:01,843: INFO: main: Initiating Data Validation stage Started]
[2025-02-16 23:30:01,851: INFO: common: yaml file :config\config.yaml loaded sucessfully]
[2025-02-16 23:30:01,856: INFO: common: yaml file :params.yaml loaded sucessfully]
[2025-02-16 23:30:01,861: INFO: common: yaml file :schema.yaml loaded sucessfully]
[2025-02-16 23:30:01,863: INFO: common: Directory created at artifacts]
[2025-02-16 23:30:01,866: INFO: common: Directory created at artifacts/data_validation]
[2025-02-16 23:30:01,897: INFO: main: Completed Data Validation stage Completed]
[2025-02-16 23:30:01,898: INFO: main: Initiating Data Transformation stage Started]
[2025-02-16 23:30:01,902: INFO: common: yaml file :config\config.yaml loaded sucessfully]
[2025-02-16 23:30:01,904: INFO: common: yaml file :params.yaml loaded sucessfully]
[2025-02-16 23:30:01,909: INFO: common: yaml file :schema.yaml loaded sucessfully]
[2025-02-16 23:30:01,911: INFO: common: Directory created at artifacts]
[2025-02-16 23:30:01,912: INFO: common: Directory created at artifacts/data_transformation]
[2025-02-16 23:30:01,972: INFO: data_transformation: Splitted data into test and train set]
[2025-02-16 23:30:01,974: INFO: data_transformation: (1279, 12)]
[2025-02-16 23:30:01,975: INFO: data_transformation: (320, 12)]
[2025-02-16 23:30:01,977: INFO: main: Completed Data Transformation stage Completed]
[2025-02-16 23:30:01,977: INFO: main: Initiating Data Transformation stage Started]
[2025-02-16 23:30:01,981: INFO: common: yaml file :config\config.yaml loaded sucessfully]
[2025-02-16 23:30:01,983: INFO: common: yaml file :params.yaml loaded sucessfully]
[2025-02-16 23:30:01,986: INFO: common: yaml file :schema.yaml loaded sucessfully]
[2025-02-16 23:30:01,988: INFO: common: Directory created at artifacts]
[2025-02-16 23:30:01,991: INFO: common: Directory created at artifacts/model_trainer]
[2025-02-16 23:30:02,014: INFO: main: Completed Data Transformation stage Completed]
[2025-02-16 23:30:11,705: INFO: main: Initiating Data Ingestion stage Started]
[2025-02-16 23:30:11,709: INFO: common: yaml file :config\config.yaml loaded sucessfully]
[2025-02-16 23:30:11,710: INFO: common: yaml file :params.yaml loaded sucessfully]
[2025-02-16 23:30:11,713: INFO: common: yaml file :schema.yaml loaded sucessfully]
[2025-02-16 23:30:11,715: INFO: common: Directory created at artifacts]
[2025-02-16 23:30:11,716: INFO: common: Directory created at artifacts/data_ingestion]
[2025-02-16 23:30:12,887: INFO: data_ingestion: artifacts/data_ingestion/data.zip downloaded with following info : 
 Connection: close
Content-Length: 23329
Cache-Control: max-age=300
Content-Security-Policy: default-src 'none'; style-src 'unsafe-inline'; sandbox
Content-Type: application/zip
ETag: "c69888a4ae59bc5a893392785a938ccd4937981c06ba8a9d6a21aa52b4ab5b6e"
Strict-Transport-Security: max-age=31536000
X-Content-Type-Options: nosniff
X-Frame-Options: deny
X-XSS-Protection: 1; mode=block
X-GitHub-Request-Id: 7C76:140B45:FF79E2:112C363:67B22EB3
Accept-Ranges: bytes
Date: Sun, 16 Feb 2025 18:30:12 GMT
Via: 1.1 varnish
X-Served-By: cache-fjr990025-FJR
X-Cache: MISS
X-Cache-Hits: 0
X-Timer: S1739730612.069760,VS0,VE371
Vary: Authorization,Accept-Encoding,Origin
Access-Control-Allow-Origin: *
Cross-Origin-Resource-Policy: cross-origin
X-Fastly-Request-ID: 6e2ebeac627305cce19b179daf032407624e02e7
Expires: Sun, 16 Feb 2025 18:35:12 GMT
Source-Age: 0

]
[2025-02-16 23:30:12,897: INFO: main: Completed Data Ingestion stage Completed]
[2025-02-16 23:30:12,898: INFO: main: Initiating Data Validation stage Started]
[2025-02-16 23:30:12,902: INFO: common: yaml file :config\config.yaml loaded sucessfully]
[2025-02-16 23:30:12,904: INFO: common: yaml file :params.yaml loaded sucessfully]
[2025-02-16 23:30:12,907: INFO: common: yaml file :schema.yaml loaded sucessfully]
[2025-02-16 23:30:12,909: INFO: common: Directory created at artifacts]
[2025-02-16 23:30:12,910: INFO: common: Directory created at artifacts/data_validation]
[2025-02-16 23:30:12,930: INFO: main: Completed Data Validation stage Completed]
[2025-02-16 23:30:12,932: INFO: main: Initiating Data Transformation stage Started]
[2025-02-16 23:30:12,937: INFO: common: yaml file :config\config.yaml loaded sucessfully]
[2025-02-16 23:30:12,939: INFO: common: yaml file :params.yaml loaded sucessfully]
[2025-02-16 23:30:12,944: INFO: common: yaml file :schema.yaml loaded sucessfully]
[2025-02-16 23:30:12,946: INFO: common: Directory created at artifacts]
[2025-02-16 23:30:12,949: INFO: common: Directory created at artifacts/data_transformation]
[2025-02-16 23:30:12,993: INFO: data_transformation: Splitted data into test and train set]
[2025-02-16 23:30:12,995: INFO: data_transformation: (1279, 12)]
[2025-02-16 23:30:12,996: INFO: data_transformation: (320, 12)]
[2025-02-16 23:30:12,998: INFO: main: Completed Data Transformation stage Completed]
[2025-02-16 23:30:12,998: INFO: main: Initiating Data Transformation stage Started]
[2025-02-16 23:30:13,004: INFO: common: yaml file :config\config.yaml loaded sucessfully]
[2025-02-16 23:30:13,006: INFO: common: yaml file :params.yaml loaded sucessfully]
[2025-02-16 23:30:13,013: INFO: common: yaml file :schema.yaml loaded sucessfully]
[2025-02-16 23:30:13,015: INFO: common: Directory created at artifacts]
[2025-02-16 23:30:13,016: INFO: common: Directory created at artifacts/model_trainer]
[2025-02-16 23:30:13,041: INFO: main: Completed Data Transformation stage Completed]
[2025-02-16 23:49:31,976: INFO: main: Initiating Data Ingestion stage Started]
[2025-02-16 23:49:31,980: INFO: common: yaml file :config\config.yaml loaded sucessfully]
[2025-02-16 23:49:31,982: INFO: common: yaml file :params.yaml loaded sucessfully]
[2025-02-16 23:49:31,985: INFO: common: yaml file :schema.yaml loaded sucessfully]
[2025-02-16 23:49:31,986: INFO: common: Directory created at artifacts]
[2025-02-16 23:49:31,987: INFO: common: Directory created at artifacts/data_ingestion]
[2025-02-16 23:49:33,104: INFO: data_ingestion: artifacts/data_ingestion/data.zip downloaded with following info : 
 Connection: close
Content-Length: 23329
Cache-Control: max-age=300
Content-Security-Policy: default-src 'none'; style-src 'unsafe-inline'; sandbox
Content-Type: application/zip
ETag: "c69888a4ae59bc5a893392785a938ccd4937981c06ba8a9d6a21aa52b4ab5b6e"
Strict-Transport-Security: max-age=31536000
X-Content-Type-Options: nosniff
X-Frame-Options: deny
X-XSS-Protection: 1; mode=block
X-GitHub-Request-Id: 7C76:140B45:FF79E2:112C363:67B22EB3
Accept-Ranges: bytes
Date: Sun, 16 Feb 2025 18:49:32 GMT
Via: 1.1 varnish
X-Served-By: cache-fjr990027-FJR
X-Cache: HIT
X-Cache-Hits: 0
X-Timer: S1739731772.258729,VS0,VE358
Vary: Authorization,Accept-Encoding,Origin
Access-Control-Allow-Origin: *
Cross-Origin-Resource-Policy: cross-origin
X-Fastly-Request-ID: 277cbfd37baad347d007e311ef0f33973a6f4ecd
Expires: Sun, 16 Feb 2025 18:54:32 GMT
Source-Age: 0

]
[2025-02-16 23:49:33,114: INFO: main: Completed Data Ingestion stage Completed]
[2025-02-16 23:49:33,114: INFO: main: Initiating Data Validation stage Started]
[2025-02-16 23:49:33,121: INFO: common: yaml file :config\config.yaml loaded sucessfully]
[2025-02-16 23:49:33,123: INFO: common: yaml file :params.yaml loaded sucessfully]
[2025-02-16 23:49:33,127: INFO: common: yaml file :schema.yaml loaded sucessfully]
[2025-02-16 23:49:33,129: INFO: common: Directory created at artifacts]
[2025-02-16 23:49:33,129: INFO: common: Directory created at artifacts/data_validation]
[2025-02-16 23:49:33,160: INFO: main: Completed Data Validation stage Completed]
[2025-02-16 23:49:33,161: INFO: main: Initiating Data Transformation stage Started]
[2025-02-16 23:49:33,168: INFO: common: yaml file :config\config.yaml loaded sucessfully]
[2025-02-16 23:49:33,178: INFO: common: yaml file :params.yaml loaded sucessfully]
[2025-02-16 23:49:33,184: INFO: common: yaml file :schema.yaml loaded sucessfully]
[2025-02-16 23:49:33,198: INFO: common: Directory created at artifacts]
[2025-02-16 23:49:33,200: INFO: common: Directory created at artifacts/data_transformation]
[2025-02-16 23:49:33,263: INFO: data_transformation: Splitted data into test and train set]
[2025-02-16 23:49:33,263: INFO: data_transformation: (1279, 12)]
[2025-02-16 23:49:33,264: INFO: data_transformation: (320, 12)]
[2025-02-16 23:49:33,265: INFO: main: Completed Data Transformation stage Completed]
[2025-02-16 23:49:33,265: INFO: main: Initiating Data Transformation stage Started]
[2025-02-16 23:49:33,269: INFO: common: yaml file :config\config.yaml loaded sucessfully]
[2025-02-16 23:49:33,277: INFO: common: yaml file :params.yaml loaded sucessfully]
[2025-02-16 23:49:33,280: INFO: common: yaml file :schema.yaml loaded sucessfully]
[2025-02-16 23:49:33,282: INFO: common: Directory created at artifacts]
[2025-02-16 23:49:33,284: INFO: common: Directory created at artifacts/model_trainer]
[2025-02-16 23:49:33,309: INFO: main: Completed Data Transformation stage Completed]
[2025-02-17 23:09:44,275: INFO: common: yaml file :config\config.yaml loaded sucessfully]
[2025-02-17 23:09:44,283: INFO: common: yaml file :params.yaml loaded sucessfully]
[2025-02-17 23:09:44,289: INFO: common: yaml file :schema.yaml loaded sucessfully]
[2025-02-17 23:09:44,293: INFO: common: Directory created at artifacts]
[2025-02-17 23:22:19,807: INFO: common: yaml file :config\config.yaml loaded sucessfully]
[2025-02-17 23:22:19,812: INFO: common: yaml file :params.yaml loaded sucessfully]
[2025-02-17 23:22:19,818: INFO: common: yaml file :schema.yaml loaded sucessfully]
[2025-02-17 23:22:19,821: INFO: common: Directory created at artifacts]
[2025-02-17 23:22:19,823: INFO: common: Directory created at artifacts/model_evaluation]
[2025-02-17 23:23:51,351: INFO: common: yaml file :config\config.yaml loaded sucessfully]
[2025-02-17 23:23:51,356: INFO: common: yaml file :params.yaml loaded sucessfully]
[2025-02-17 23:23:51,362: INFO: common: yaml file :schema.yaml loaded sucessfully]
[2025-02-17 23:23:51,365: INFO: common: Directory created at artifacts]
[2025-02-17 23:23:51,367: INFO: common: Directory created at artifacts/model_evaluation]
[2025-02-17 23:25:18,608: INFO: common: yaml file :config\config.yaml loaded sucessfully]
[2025-02-17 23:25:18,612: INFO: common: yaml file :params.yaml loaded sucessfully]
[2025-02-17 23:25:18,618: INFO: common: yaml file :schema.yaml loaded sucessfully]
[2025-02-17 23:25:18,622: INFO: common: Directory created at artifacts]
[2025-02-17 23:25:18,624: INFO: common: Directory created at artifacts/model_evaluation]
[2025-02-17 23:25:19,090: INFO: common: Data saved in json format at artifacts\model_evaluation\metrics.json]
[2025-02-17 23:25:43,211: INFO: common: yaml file :config\config.yaml loaded sucessfully]
[2025-02-17 23:25:43,215: INFO: common: yaml file :params.yaml loaded sucessfully]
[2025-02-17 23:25:43,222: INFO: common: yaml file :schema.yaml loaded sucessfully]
[2025-02-17 23:25:43,224: INFO: common: Directory created at artifacts]
[2025-02-17 23:25:43,227: INFO: common: Directory created at artifacts/model_evaluation]
[2025-02-17 23:25:43,396: INFO: common: Data saved in json format at artifacts\model_evaluation\metrics.json]
[2025-02-17 23:29:53,987: INFO: common: yaml file :config\config.yaml loaded sucessfully]
[2025-02-17 23:29:53,991: INFO: common: yaml file :params.yaml loaded sucessfully]
[2025-02-17 23:29:53,997: INFO: common: yaml file :schema.yaml loaded sucessfully]
[2025-02-17 23:29:54,000: INFO: common: Directory created at artifacts]
[2025-02-17 23:29:54,003: INFO: common: Directory created at artifacts/model_evaluation]
[2025-02-17 23:29:54,092: INFO: common: Data saved in json format at artifacts\model_evaluation\metrics.json]
[2025-02-17 23:31:43,912: INFO: common: yaml file :config\config.yaml loaded sucessfully]
[2025-02-17 23:31:43,916: INFO: common: yaml file :params.yaml loaded sucessfully]
[2025-02-17 23:31:43,921: INFO: common: yaml file :schema.yaml loaded sucessfully]
[2025-02-17 23:31:43,924: INFO: common: Directory created at artifacts]
[2025-02-17 23:31:43,927: INFO: common: Directory created at artifacts/model_evaluation]
[2025-02-17 23:31:44,087: INFO: common: Data saved in json format at artifacts\model_evaluation\metrics.json]
[2025-02-17 23:35:54,333: INFO: common: yaml file :config\config.yaml loaded sucessfully]
[2025-02-17 23:35:54,337: INFO: common: yaml file :params.yaml loaded sucessfully]
[2025-02-17 23:35:54,343: INFO: common: yaml file :schema.yaml loaded sucessfully]
[2025-02-17 23:35:54,346: INFO: common: Directory created at artifacts]
[2025-02-17 23:35:54,350: INFO: common: Directory created at artifacts/model_evaluation]
[2025-02-17 23:36:03,016: INFO: common: yaml file :config\config.yaml loaded sucessfully]
[2025-02-17 23:36:03,020: INFO: common: yaml file :params.yaml loaded sucessfully]
[2025-02-17 23:36:03,027: INFO: common: yaml file :schema.yaml loaded sucessfully]
[2025-02-17 23:36:03,030: INFO: common: Directory created at artifacts]
[2025-02-17 23:36:03,032: INFO: common: Directory created at artifacts/model_evaluation]
[2025-02-17 23:36:24,737: INFO: common: yaml file :config\config.yaml loaded sucessfully]
[2025-02-17 23:36:24,742: INFO: common: yaml file :params.yaml loaded sucessfully]
[2025-02-17 23:36:24,749: INFO: common: yaml file :schema.yaml loaded sucessfully]
[2025-02-17 23:36:24,751: INFO: common: Directory created at artifacts]
[2025-02-17 23:36:24,753: INFO: common: Directory created at artifacts/model_evaluation]
[2025-02-17 23:36:54,663: INFO: common: yaml file :config\config.yaml loaded sucessfully]
[2025-02-17 23:36:54,667: INFO: common: yaml file :params.yaml loaded sucessfully]
[2025-02-17 23:36:54,673: INFO: common: yaml file :schema.yaml loaded sucessfully]
[2025-02-17 23:36:54,676: INFO: common: Directory created at artifacts]
[2025-02-17 23:36:54,679: INFO: common: Directory created at artifacts/model_evaluation]
[2025-02-17 23:36:54,787: INFO: common: Data saved in json format at artifacts\model_evaluation\metrics.json]
[2025-02-17 23:43:57,406: INFO: common: yaml file :config\config.yaml loaded sucessfully]
[2025-02-17 23:43:57,410: INFO: common: yaml file :params.yaml loaded sucessfully]
[2025-02-17 23:43:57,417: INFO: common: yaml file :schema.yaml loaded sucessfully]
[2025-02-17 23:43:57,421: INFO: common: Directory created at artifacts]
[2025-02-17 23:43:57,423: INFO: common: Directory created at artifacts/model_evaluation]
[2025-02-17 23:43:57,638: INFO: common: Data saved in json format at artifacts\model_evaluation\metrics.json]
[2025-02-17 23:58:31,028: INFO: main: Initiating Data Ingestion stage Started]
[2025-02-17 23:58:31,032: INFO: common: yaml file :config\config.yaml loaded sucessfully]
[2025-02-17 23:58:31,034: INFO: common: yaml file :params.yaml loaded sucessfully]
[2025-02-17 23:58:31,039: INFO: common: yaml file :schema.yaml loaded sucessfully]
[2025-02-17 23:58:31,041: INFO: common: Directory created at artifacts]
[2025-02-17 23:58:31,042: INFO: common: Directory created at artifacts/data_ingestion]
[2025-02-17 23:58:31,043: INFO: data_ingestion: artifacts/data_ingestion/data.zip already exists ]
[2025-02-17 23:58:31,051: INFO: main: Completed Data Ingestion stage Completed]
[2025-02-17 23:58:31,052: INFO: main: Initiating Data Validation stage Started]
[2025-02-17 23:58:31,060: INFO: common: yaml file :config\config.yaml loaded sucessfully]
[2025-02-17 23:58:31,064: INFO: common: yaml file :params.yaml loaded sucessfully]
[2025-02-17 23:58:31,068: INFO: common: yaml file :schema.yaml loaded sucessfully]
[2025-02-17 23:58:31,074: INFO: common: Directory created at artifacts]
[2025-02-17 23:58:31,075: INFO: common: Directory created at artifacts/data_validation]
[2025-02-17 23:58:31,098: INFO: main: Completed Data Validation stage Completed]
[2025-02-17 23:58:31,099: INFO: main: Initiating Data Transformation stage Started]
[2025-02-17 23:58:31,104: INFO: common: yaml file :config\config.yaml loaded sucessfully]
[2025-02-17 23:58:31,106: INFO: common: yaml file :params.yaml loaded sucessfully]
[2025-02-17 23:58:31,109: INFO: common: yaml file :schema.yaml loaded sucessfully]
[2025-02-17 23:58:31,111: INFO: common: Directory created at artifacts]
[2025-02-17 23:58:31,112: INFO: common: Directory created at artifacts/data_transformation]
[2025-02-17 23:58:31,159: INFO: data_transformation: Splitted data into test and train set]
[2025-02-17 23:58:31,160: INFO: data_transformation: (1279, 12)]
[2025-02-17 23:58:31,161: INFO: data_transformation: (320, 12)]
[2025-02-17 23:58:31,162: INFO: main: Completed Data Transformation stage Completed]
[2025-02-17 23:58:31,163: INFO: main: Initiating Data Transformation stage Started]
[2025-02-17 23:58:31,170: INFO: common: yaml file :config\config.yaml loaded sucessfully]
[2025-02-17 23:58:31,173: INFO: common: yaml file :params.yaml loaded sucessfully]
[2025-02-17 23:58:31,177: INFO: common: yaml file :schema.yaml loaded sucessfully]
[2025-02-17 23:58:31,180: INFO: common: Directory created at artifacts]
[2025-02-17 23:58:31,181: INFO: common: Directory created at artifacts/model_trainer]
[2025-02-17 23:58:31,204: INFO: main: Completed Data Transformation stage Completed]
[2025-02-17 23:58:31,205: INFO: main: Initiating Model Evaluation stage Started]
[2025-02-17 23:58:31,212: INFO: common: yaml file :config\config.yaml loaded sucessfully]
[2025-02-17 23:58:31,214: INFO: common: yaml file :params.yaml loaded sucessfully]
[2025-02-17 23:58:31,217: INFO: common: yaml file :schema.yaml loaded sucessfully]
[2025-02-17 23:58:31,219: INFO: common: Directory created at artifacts]
[2025-02-17 23:58:31,219: INFO: common: Directory created at artifacts/model_evaluation]
[2025-02-17 23:58:32,181: INFO: common: Data saved in json format at artifacts\model_evaluation\metrics.json]
[2025-02-17 23:58:41,808: INFO: main: Completed Model Evaluation stage Completed]
[2025-02-18 00:02:58,370: INFO: main: Initiating Data Ingestion stage Started]
[2025-02-18 00:02:58,374: INFO: common: yaml file :config\config.yaml loaded sucessfully]
[2025-02-18 00:02:58,376: INFO: common: yaml file :params.yaml loaded sucessfully]
[2025-02-18 00:02:58,379: INFO: common: yaml file :schema.yaml loaded sucessfully]
[2025-02-18 00:02:58,379: INFO: common: Directory created at artifacts]
[2025-02-18 00:02:58,379: INFO: common: Directory created at artifacts/data_ingestion]
[2025-02-18 00:02:58,380: INFO: data_ingestion: artifacts/data_ingestion/data.zip already exists ]
[2025-02-18 00:02:58,383: INFO: main: Completed Data Ingestion stage Completed]
[2025-02-18 00:02:58,383: INFO: main: Initiating Data Validation stage Started]
[2025-02-18 00:02:58,390: INFO: common: yaml file :config\config.yaml loaded sucessfully]
[2025-02-18 00:02:58,392: INFO: common: yaml file :params.yaml loaded sucessfully]
[2025-02-18 00:02:58,394: INFO: common: yaml file :schema.yaml loaded sucessfully]
[2025-02-18 00:02:58,395: INFO: common: Directory created at artifacts]
[2025-02-18 00:02:58,396: INFO: common: Directory created at artifacts/data_validation]
[2025-02-18 00:02:58,423: INFO: main: Completed Data Validation stage Completed]
[2025-02-18 00:02:58,424: INFO: main: Initiating Data Transformation stage Started]
[2025-02-18 00:02:58,429: INFO: common: yaml file :config\config.yaml loaded sucessfully]
[2025-02-18 00:02:58,432: INFO: common: yaml file :params.yaml loaded sucessfully]
[2025-02-18 00:02:58,435: INFO: common: yaml file :schema.yaml loaded sucessfully]
[2025-02-18 00:02:58,436: INFO: common: Directory created at artifacts]
[2025-02-18 00:02:58,437: INFO: common: Directory created at artifacts/data_transformation]
[2025-02-18 00:02:58,485: INFO: data_transformation: Splitted data into test and train set]
[2025-02-18 00:02:58,486: INFO: data_transformation: (1279, 12)]
[2025-02-18 00:02:58,487: INFO: data_transformation: (320, 12)]
[2025-02-18 00:02:58,489: INFO: main: Completed Data Transformation stage Completed]
[2025-02-18 00:02:58,490: INFO: main: Initiating Data Transformation stage Started]
[2025-02-18 00:02:58,499: INFO: common: yaml file :config\config.yaml loaded sucessfully]
[2025-02-18 00:02:58,505: INFO: common: yaml file :params.yaml loaded sucessfully]
[2025-02-18 00:02:58,511: INFO: common: yaml file :schema.yaml loaded sucessfully]
[2025-02-18 00:02:58,512: INFO: common: Directory created at artifacts]
[2025-02-18 00:02:58,513: INFO: common: Directory created at artifacts/model_trainer]
[2025-02-18 00:02:58,530: INFO: main: Completed Data Transformation stage Completed]
[2025-02-18 00:02:58,530: INFO: main: Initiating Model Evaluation stage Started]
[2025-02-18 00:02:58,536: INFO: common: yaml file :config\config.yaml loaded sucessfully]
[2025-02-18 00:02:58,539: INFO: common: yaml file :params.yaml loaded sucessfully]
[2025-02-18 00:02:58,542: INFO: common: yaml file :schema.yaml loaded sucessfully]
[2025-02-18 00:02:58,544: INFO: common: Directory created at artifacts]
[2025-02-18 00:02:58,544: INFO: common: Directory created at artifacts/model_evaluation]
[2025-02-18 00:02:59,452: INFO: common: Data saved in json format at artifacts\model_evaluation\metrics.json]
[2025-02-18 00:03:08,354: INFO: main: Completed Model Evaluation stage Completed]
[2025-02-18 00:09:46,447: INFO: main: Initiating Data Ingestion stage Started]
[2025-02-18 00:09:46,451: INFO: common: yaml file :config\config.yaml loaded sucessfully]
[2025-02-18 00:09:46,453: INFO: common: yaml file :params.yaml loaded sucessfully]
[2025-02-18 00:09:46,458: INFO: common: yaml file :schema.yaml loaded sucessfully]
[2025-02-18 00:09:46,460: INFO: common: Directory created at artifacts]
[2025-02-18 00:09:46,461: INFO: common: Directory created at artifacts/data_ingestion]
[2025-02-18 00:09:46,462: INFO: data_ingestion: artifacts/data_ingestion/data.zip already exists ]
[2025-02-18 00:09:46,466: INFO: main: Completed Data Ingestion stage Completed]
[2025-02-18 00:09:46,467: INFO: main: Initiating Data Validation stage Started]
[2025-02-18 00:09:46,495: INFO: common: yaml file :config\config.yaml loaded sucessfully]
[2025-02-18 00:09:46,498: INFO: common: yaml file :params.yaml loaded sucessfully]
[2025-02-18 00:09:46,500: INFO: common: yaml file :schema.yaml loaded sucessfully]
[2025-02-18 00:09:46,501: INFO: common: Directory created at artifacts]
[2025-02-18 00:09:46,502: INFO: common: Directory created at artifacts/data_validation]
[2025-02-18 00:09:46,522: INFO: main: Completed Data Validation stage Completed]
[2025-02-18 00:09:46,523: INFO: main: Initiating Data Transformation stage Started]
[2025-02-18 00:09:46,531: INFO: common: yaml file :config\config.yaml loaded sucessfully]
[2025-02-18 00:09:46,533: INFO: common: yaml file :params.yaml loaded sucessfully]
[2025-02-18 00:09:46,538: INFO: common: yaml file :schema.yaml loaded sucessfully]
[2025-02-18 00:09:46,539: INFO: common: Directory created at artifacts]
[2025-02-18 00:09:46,542: INFO: common: Directory created at artifacts/data_transformation]
[2025-02-18 00:09:46,588: INFO: data_transformation: Splitted data into test and train set]
[2025-02-18 00:09:46,589: INFO: data_transformation: (1279, 12)]
[2025-02-18 00:09:46,589: INFO: data_transformation: (320, 12)]
[2025-02-18 00:09:46,590: INFO: main: Completed Data Transformation stage Completed]
[2025-02-18 00:09:46,592: INFO: main: Initiating Data Transformation stage Started]
[2025-02-18 00:09:46,601: INFO: common: yaml file :config\config.yaml loaded sucessfully]
[2025-02-18 00:09:46,603: INFO: common: yaml file :params.yaml loaded sucessfully]
[2025-02-18 00:09:46,607: INFO: common: yaml file :schema.yaml loaded sucessfully]
[2025-02-18 00:09:46,609: INFO: common: Directory created at artifacts]
[2025-02-18 00:09:46,611: INFO: common: Directory created at artifacts/model_trainer]
[2025-02-18 00:09:46,631: INFO: main: Completed Data Transformation stage Completed]
[2025-02-18 00:09:46,632: INFO: main: Initiating Model Evaluation stage Started]
[2025-02-18 00:09:46,637: INFO: common: yaml file :config\config.yaml loaded sucessfully]
[2025-02-18 00:09:46,639: INFO: common: yaml file :params.yaml loaded sucessfully]
[2025-02-18 00:09:46,644: INFO: common: yaml file :schema.yaml loaded sucessfully]
[2025-02-18 00:09:46,647: INFO: common: Directory created at artifacts]
[2025-02-18 00:09:46,648: INFO: common: Directory created at artifacts/model_evaluation]
[2025-02-18 00:09:48,038: INFO: common: Data saved in json format at artifacts\model_evaluation\metrics.json]
[2025-02-18 00:10:06,576: INFO: main: Completed Model Evaluation stage Completed]
[2025-02-18 00:14:48,038: INFO: main: Initiating Data Ingestion stage Started]
[2025-02-18 00:14:48,043: INFO: common: yaml file :config\config.yaml loaded sucessfully]
[2025-02-18 00:14:48,045: INFO: common: yaml file :params.yaml loaded sucessfully]
[2025-02-18 00:14:48,050: INFO: common: yaml file :schema.yaml loaded sucessfully]
[2025-02-18 00:14:48,052: INFO: common: Directory created at artifacts]
[2025-02-18 00:14:48,053: INFO: common: Directory created at artifacts/data_ingestion]
[2025-02-18 00:14:48,054: INFO: data_ingestion: artifacts/data_ingestion/data.zip already exists ]
[2025-02-18 00:14:48,059: INFO: main: Completed Data Ingestion stage Completed]
[2025-02-18 00:14:48,059: INFO: main: Initiating Data Validation stage Started]
[2025-02-18 00:14:48,073: INFO: common: yaml file :config\config.yaml loaded sucessfully]
[2025-02-18 00:14:48,078: INFO: common: yaml file :params.yaml loaded sucessfully]
[2025-02-18 00:14:48,080: INFO: common: yaml file :schema.yaml loaded sucessfully]
[2025-02-18 00:14:48,082: INFO: common: Directory created at artifacts]
[2025-02-18 00:14:48,086: INFO: common: Directory created at artifacts/data_validation]
[2025-02-18 00:14:48,109: INFO: main: Completed Data Validation stage Completed]
[2025-02-18 00:14:48,110: INFO: main: Initiating Data Transformation stage Started]
[2025-02-18 00:14:48,119: INFO: common: yaml file :config\config.yaml loaded sucessfully]
[2025-02-18 00:14:48,120: INFO: common: yaml file :params.yaml loaded sucessfully]
[2025-02-18 00:14:48,125: INFO: common: yaml file :schema.yaml loaded sucessfully]
[2025-02-18 00:14:48,134: INFO: common: Directory created at artifacts]
[2025-02-18 00:14:48,135: INFO: common: Directory created at artifacts/data_transformation]
[2025-02-18 00:14:48,178: INFO: data_transformation: Splitted data into test and train set]
[2025-02-18 00:14:48,178: INFO: data_transformation: (1279, 12)]
[2025-02-18 00:14:48,178: INFO: data_transformation: (320, 12)]
[2025-02-18 00:14:48,179: INFO: main: Completed Data Transformation stage Completed]
[2025-02-18 00:14:48,180: INFO: main: Initiating Data Transformation stage Started]
[2025-02-18 00:14:48,187: INFO: common: yaml file :config\config.yaml loaded sucessfully]
[2025-02-18 00:14:48,189: INFO: common: yaml file :params.yaml loaded sucessfully]
[2025-02-18 00:14:48,195: INFO: common: yaml file :schema.yaml loaded sucessfully]
[2025-02-18 00:14:48,200: INFO: common: Directory created at artifacts]
[2025-02-18 00:14:48,201: INFO: common: Directory created at artifacts/model_trainer]
[2025-02-18 00:14:48,325: INFO: main: Completed Data Transformation stage Completed]
[2025-02-18 00:14:48,327: INFO: main: Initiating Model Evaluation stage Started]
[2025-02-18 00:14:48,331: INFO: common: yaml file :config\config.yaml loaded sucessfully]
[2025-02-18 00:14:48,334: INFO: common: yaml file :params.yaml loaded sucessfully]
[2025-02-18 00:14:48,347: INFO: common: yaml file :schema.yaml loaded sucessfully]
[2025-02-18 00:14:48,349: INFO: common: Directory created at artifacts]
[2025-02-18 00:14:48,350: INFO: common: Directory created at artifacts/model_evaluation]
[2025-02-18 00:14:49,861: INFO: common: Data saved in json format at artifacts\model_evaluation\metrics.json]
[2025-02-18 00:15:12,205: INFO: main: Completed Model Evaluation stage Completed]
[2025-02-18 00:37:17,327: INFO: _internal: [31m[1mWARNING: This is a development server. Do not use it in a production deployment. Use a production WSGI server instead.[0m
 * Running on all addresses (0.0.0.0)
 * Running on http://127.0.0.1:8080
 * Running on http://192.168.237.164:8080]
[2025-02-18 00:37:17,328: INFO: _internal: [33mPress CTRL+C to quit[0m]
[2025-02-18 00:37:17,331: INFO: _internal:  * Restarting with stat]
[2025-02-18 00:37:18,504: WARNING: _internal:  * Debugger is active!]
[2025-02-18 00:37:18,510: INFO: _internal:  * Debugger PIN: 133-534-699]
[2025-02-18 00:37:22,563: INFO: _internal: 127.0.0.1 - - [18/Feb/2025 00:37:22] "GET / HTTP/1.1" 200 -]
[2025-02-18 00:37:22,726: INFO: _internal: 127.0.0.1 - - [18/Feb/2025 00:37:22] "[33mGET /static/assets/img/form-v9.jpg HTTP/1.1[0m" 404 -]
[2025-02-18 00:37:22,826: INFO: _internal: 127.0.0.1 - - [18/Feb/2025 00:37:22] "[33mGET /favicon.ico HTTP/1.1[0m" 404 -]
[2025-02-18 00:37:53,237: INFO: _internal: 127.0.0.1 - - [18/Feb/2025 00:37:53] "[35m[1mGET /train HTTP/1.1[0m" 500 -]
[2025-02-18 00:37:53,463: INFO: _internal: 127.0.0.1 - - [18/Feb/2025 00:37:53] "GET /train?__debugger__=yes&cmd=resource&f=debugger.js HTTP/1.1" 200 -]
[2025-02-18 00:37:53,478: INFO: _internal: 127.0.0.1 - - [18/Feb/2025 00:37:53] "GET /train?__debugger__=yes&cmd=resource&f=style.css HTTP/1.1" 200 -]
[2025-02-18 00:37:53,643: INFO: _internal: 127.0.0.1 - - [18/Feb/2025 00:37:53] "GET /train?__debugger__=yes&cmd=resource&f=console.png&s=RCvljSr1TRo76F8dDUbC HTTP/1.1" 200 -]
[2025-02-18 00:37:54,314: INFO: _internal: 127.0.0.1 - - [18/Feb/2025 00:37:54] "GET /train?__debugger__=yes&cmd=resource&f=console.png HTTP/1.1" 200 -]
[2025-02-18 00:38:27,185: INFO: _internal:  * Detected change in 'D:\\DS 01\\app.py', reloading]
[2025-02-18 00:38:27,369: INFO: _internal:  * Restarting with stat]
[2025-02-18 00:38:40,890: INFO: _internal: [31m[1mWARNING: This is a development server. Do not use it in a production deployment. Use a production WSGI server instead.[0m
 * Running on all addresses (0.0.0.0)
 * Running on http://127.0.0.1:8080
 * Running on http://192.168.237.164:8080]
[2025-02-18 00:38:40,891: INFO: _internal: [33mPress CTRL+C to quit[0m]
[2025-02-18 00:38:47,445: INFO: _internal: 127.0.0.1 - - [18/Feb/2025 00:38:47] "GET / HTTP/1.1" 200 -]
[2025-02-18 00:38:47,525: INFO: _internal: 127.0.0.1 - - [18/Feb/2025 00:38:47] "[33mGET /static/assets/img/form-v9.jpg HTTP/1.1[0m" 404 -]
[2025-02-18 00:38:56,785: ERROR: app: Exception on /train [GET]]
Traceback (most recent call last):
  File "D:\DS 01\env\Lib\site-packages\flask\app.py", line 1511, in wsgi_app
    response = self.full_dispatch_request()
               ^^^^^^^^^^^^^^^^^^^^^^^^^^^^
  File "D:\DS 01\env\Lib\site-packages\flask\app.py", line 920, in full_dispatch_request
    return self.finalize_request(rv)
           ^^^^^^^^^^^^^^^^^^^^^^^^^
  File "D:\DS 01\env\Lib\site-packages\flask\app.py", line 939, in finalize_request
    response = self.make_response(rv)
               ^^^^^^^^^^^^^^^^^^^^^^
  File "D:\DS 01\env\Lib\site-packages\flask\app.py", line 1212, in make_response
    raise TypeError(
TypeError: The view function for 'training' did not return a valid response. The function either returned None or ended without a return statement.
[2025-02-18 00:38:56,792: INFO: _internal: 127.0.0.1 - - [18/Feb/2025 00:38:56] "[35m[1mGET /train HTTP/1.1[0m" 500 -]
[2025-02-18 00:41:27,040: INFO: _internal: [31m[1mWARNING: This is a development server. Do not use it in a production deployment. Use a production WSGI server instead.[0m
 * Running on all addresses (0.0.0.0)
 * Running on http://127.0.0.1:8080
 * Running on http://192.168.237.164:8080]
[2025-02-18 00:41:27,042: INFO: _internal: [33mPress CTRL+C to quit[0m]
[2025-02-18 00:41:31,583: INFO: _internal: 192.168.237.164 - - [18/Feb/2025 00:41:31] "GET / HTTP/1.1" 200 -]
[2025-02-18 00:41:31,687: INFO: _internal: 192.168.237.164 - - [18/Feb/2025 00:41:31] "[33mGET /static/assets/img/form-v9.jpg HTTP/1.1[0m" 404 -]
[2025-02-18 00:41:31,807: INFO: _internal: 192.168.237.164 - - [18/Feb/2025 00:41:31] "[33mGET /favicon.ico HTTP/1.1[0m" 404 -]
[2025-02-18 00:41:44,082: INFO: main: Initiating Data Ingestion stage Started]
[2025-02-18 00:41:44,090: INFO: common: yaml file :config\config.yaml loaded sucessfully]
[2025-02-18 00:41:44,093: INFO: common: yaml file :params.yaml loaded sucessfully]
[2025-02-18 00:41:44,098: INFO: common: yaml file :schema.yaml loaded sucessfully]
[2025-02-18 00:41:44,102: INFO: common: Directory created at artifacts]
[2025-02-18 00:41:44,103: INFO: common: Directory created at artifacts/data_ingestion]
[2025-02-18 00:41:44,104: INFO: data_ingestion: artifacts/data_ingestion/data.zip already exists ]
[2025-02-18 00:41:44,109: INFO: main: Completed Data Ingestion stage Completed]
[2025-02-18 00:41:44,111: INFO: main: Initiating Data Validation stage Started]
[2025-02-18 00:41:44,123: INFO: common: yaml file :config\config.yaml loaded sucessfully]
[2025-02-18 00:41:44,127: INFO: common: yaml file :params.yaml loaded sucessfully]
[2025-02-18 00:41:44,132: INFO: common: yaml file :schema.yaml loaded sucessfully]
[2025-02-18 00:41:44,139: INFO: common: Directory created at artifacts]
[2025-02-18 00:41:44,141: INFO: common: Directory created at artifacts/data_validation]
[2025-02-18 00:41:44,167: INFO: main: Completed Data Validation stage Completed]
[2025-02-18 00:41:44,168: INFO: main: Initiating Data Transformation stage Started]
[2025-02-18 00:41:44,173: INFO: common: yaml file :config\config.yaml loaded sucessfully]
[2025-02-18 00:41:44,176: INFO: common: yaml file :params.yaml loaded sucessfully]
[2025-02-18 00:41:44,191: INFO: common: yaml file :schema.yaml loaded sucessfully]
[2025-02-18 00:41:44,192: INFO: common: Directory created at artifacts]
[2025-02-18 00:41:44,193: INFO: common: Directory created at artifacts/data_transformation]
[2025-02-18 00:41:44,252: INFO: data_transformation: Splitted data into test and train set]
[2025-02-18 00:41:44,253: INFO: data_transformation: (1279, 12)]
[2025-02-18 00:41:44,254: INFO: data_transformation: (320, 12)]
[2025-02-18 00:41:44,258: INFO: main: Completed Data Transformation stage Completed]
[2025-02-18 00:41:44,260: INFO: main: Initiating Data Transformation stage Started]
[2025-02-18 00:41:44,267: INFO: common: yaml file :config\config.yaml loaded sucessfully]
[2025-02-18 00:41:44,270: INFO: common: yaml file :params.yaml loaded sucessfully]
[2025-02-18 00:41:44,275: INFO: common: yaml file :schema.yaml loaded sucessfully]
[2025-02-18 00:41:44,277: INFO: common: Directory created at artifacts]
[2025-02-18 00:41:44,278: INFO: common: Directory created at artifacts/model_trainer]
[2025-02-18 00:41:44,421: INFO: main: Completed Data Transformation stage Completed]
[2025-02-18 00:41:44,422: INFO: main: Initiating Model Evaluation stage Started]
[2025-02-18 00:41:44,427: INFO: common: yaml file :config\config.yaml loaded sucessfully]
[2025-02-18 00:41:44,429: INFO: common: yaml file :params.yaml loaded sucessfully]
[2025-02-18 00:41:44,433: INFO: common: yaml file :schema.yaml loaded sucessfully]
[2025-02-18 00:41:44,435: INFO: common: Directory created at artifacts]
[2025-02-18 00:41:44,437: INFO: common: Directory created at artifacts/model_evaluation]
[2025-02-18 00:41:46,168: INFO: common: Data saved in json format at artifacts\model_evaluation\metrics.json]
[2025-02-18 00:42:06,004: INFO: main: Completed Model Evaluation stage Completed]
[2025-02-18 00:42:06,782: INFO: _internal: 192.168.237.164 - - [18/Feb/2025 00:42:06] "GET /train HTTP/1.1" 200 -]
[2025-02-18 00:42:16,823: INFO: _internal: 192.168.237.164 - - [18/Feb/2025 00:42:16] "GET /predict HTTP/1.1" 200 -]
[2025-02-18 00:42:16,870: INFO: _internal: 192.168.237.164 - - [18/Feb/2025 00:42:16] "[33mGET /static/assets/img/form-v9.jpg HTTP/1.1[0m" 404 -]
[2025-02-18 00:42:43,313: INFO: _internal: 192.168.237.164 - - [18/Feb/2025 00:42:43] "POST /predict HTTP/1.1" 200 -]
[2025-02-18 00:43:18,403: INFO: _internal: 192.168.237.164 - - [18/Feb/2025 00:43:18] "GET /predict HTTP/1.1" 200 -]
[2025-02-18 00:43:20,631: INFO: _internal: 192.168.237.164 - - [18/Feb/2025 00:43:20] "POST /predict HTTP/1.1" 200 -]
[2025-02-18 00:43:26,941: INFO: _internal: [31m[1mWARNING: This is a development server. Do not use it in a production deployment. Use a production WSGI server instead.[0m
 * Running on all addresses (0.0.0.0)
 * Running on http://127.0.0.1:8080
 * Running on http://192.168.237.164:8080]
[2025-02-18 00:43:26,942: INFO: _internal: [33mPress CTRL+C to quit[0m]
[2025-02-18 00:43:29,308: INFO: _internal: 127.0.0.1 - - [18/Feb/2025 00:43:29] "GET / HTTP/1.1" 200 -]
[2025-02-18 00:43:29,378: INFO: _internal: 127.0.0.1 - - [18/Feb/2025 00:43:29] "[33mGET /static/assets/img/form-v9.jpg HTTP/1.1[0m" 404 -]
[2025-02-18 00:43:50,581: INFO: _internal: 127.0.0.1 - - [18/Feb/2025 00:43:50] "POST /predict HTTP/1.1" 200 -]
[2025-02-18 00:47:09,703: INFO: _internal: [31m[1mWARNING: This is a development server. Do not use it in a production deployment. Use a production WSGI server instead.[0m
 * Running on all addresses (0.0.0.0)
 * Running on http://127.0.0.1:8080
 * Running on http://192.168.237.164:8080]
[2025-02-18 00:47:09,703: INFO: _internal: [33mPress CTRL+C to quit[0m]
[2025-02-18 00:47:19,842: INFO: _internal: 127.0.0.1 - - [18/Feb/2025 00:47:19] "POST /predict HTTP/1.1" 200 -]
